<?xml version="1.0" encoding="UTF-8"?>
<!-- Generated by org.testng.reporters.JUnitReportReporter -->
<testsuite hostname="DESKTOP-FUGQNF4" failures="0" tests="2" name="TestCases.QueryTC" time="12.333" errors="0" timestamp="2024-07-17T13:56:09 IST" skipped="0">
  <testcase classname="TestCases.QueryTC" name="testSubmitQueryForm" time="8.366"/>
  <system-out/>
  <testcase classname="TestCases.QueryTC" name="testEmptyQueryFormSubmission" time="3.967"/>
  <system-out/>
</testsuite> <!-- TestCases.QueryTC -->
