<?xml version="1.0" encoding="UTF-8"?>
<!-- Generated by org.testng.reporters.JUnitReportReporter -->
<testsuite hostname="DESKTOP-FUGQNF4" failures="0" tests="2" name="TestCases.ContactUsTC" time="13.576" errors="0" timestamp="2024-07-08T16:04:11 IST" skipped="0">
  <testcase classname="TestCases.ContactUsTC" name="testSubmitContactForm" time="11.065"/>
  <system-out/>
  <testcase classname="TestCases.ContactUsTC" name="testEmptyContatusFormSubmission" time="2.511"/>
  <system-out/>
</testsuite> <!-- TestCases.ContactUsTC -->
