<?xml version="1.0" encoding="UTF-8"?>
<!-- Generated by org.testng.reporters.JUnitReportReporter -->
<testsuite hostname="DESKTOP-FUGQNF4" failures="0" tests="2" name="TestCases.ContactUsTC" time="15.100" errors="0" timestamp="2024-07-10T16:39:18 IST" skipped="0">
  <testcase classname="TestCases.ContactUsTC" name="testSubmitContactForm" time="12.349"/>
  <system-out/>
  <testcase classname="TestCases.ContactUsTC" name="testEmptyContatusFormSubmission" time="2.751"/>
  <system-out/>
</testsuite> <!-- TestCases.ContactUsTC -->
