<?xml version="1.0" encoding="UTF-8"?>
<!-- Generated by org.testng.reporters.JUnitReportReporter -->
<testsuite hostname="DESKTOP-FUGQNF4" failures="0" tests="2" name="TestCases.QueryTC" time="9.520" errors="0" timestamp="2024-07-08T16:04:11 IST" skipped="0">
  <testcase classname="TestCases.QueryTC" name="testSubmitQueryForm" time="5.759"/>
  <system-out/>
  <testcase classname="TestCases.QueryTC" name="testEmptyQueryFormSubmission" time="3.761"/>
  <system-out/>
</testsuite> <!-- TestCases.QueryTC -->
