<?xml version="1.0" encoding="UTF-8"?>
<!-- Generated by org.testng.reporters.JUnitReportReporter -->
<testsuite hostname="DESKTOP-FUGQNF4" failures="0" tests="2" name="TestCases.QueryTC" time="11.204" errors="0" timestamp="2024-07-10T16:39:18 IST" skipped="0">
  <testcase classname="TestCases.QueryTC" name="testSubmitQueryForm" time="7.378"/>
  <system-out/>
  <testcase classname="TestCases.QueryTC" name="testEmptyQueryFormSubmission" time="3.826"/>
  <system-out/>
</testsuite> <!-- TestCases.QueryTC -->
