<?xml version="1.0" encoding="UTF-8"?>
<!-- Generated by org.testng.reporters.JUnitReportReporter -->
<testsuite hostname="DESKTOP-FUGQNF4" failures="0" tests="1" name="TestCases.CareersFirmCollaborationsTC" time="6.450" errors="0" timestamp="2024-07-10T17:34:09 IST" skipped="0">
  <testcase classname="TestCases.CareersFirmCollaborationsTC" name="testCareers1ProfessionalsFormSubmission" time="6.450"/>
  <system-out/>
</testsuite> <!-- TestCases.CareersFirmCollaborationsTC -->
