<?xml version="1.0" encoding="UTF-8"?>
<!-- Generated by org.testng.reporters.JUnitReportReporter -->
<testsuite hostname="DESKTOP-FUGQNF4" failures="0" tests="2" name="TestCases.CareersProfessionalsTC" time="21.129" errors="0" timestamp="2024-07-17T13:56:09 IST" skipped="0">
  <testcase classname="TestCases.CareersProfessionalsTC" name="testCareersProfessionalsFormSubmission" time="15.294"/>
  <system-out/>
  <testcase classname="TestCases.CareersProfessionalsTC" name="testEmptyCareersProfessionalsFormSubmission" time="5.835"/>
  <system-out/>
</testsuite> <!-- TestCases.CareersProfessionalsTC -->
