<?xml version="1.0" encoding="UTF-8"?>
<!-- Generated by org.testng.reporters.JUnitReportReporter -->
<testsuite hostname="DESKTOP-FUGQNF4" failures="0" tests="2" name="TestCases.ArticleshipTC" time="22.959" errors="0" timestamp="2024-07-17T13:56:09 IST" skipped="0">
  <testcase classname="TestCases.ArticleshipTC" name="testCareersProfessionalsFormSubmission" time="18.350"/>
  <system-out/>
  <testcase classname="TestCases.ArticleshipTC" name="testEmptyArticleshipFormSubmission" time="4.609"/>
  <system-out/>
</testsuite> <!-- TestCases.ArticleshipTC -->
