<?xml version="1.0" encoding="UTF-8"?>
<!-- Generated by org.testng.reporters.JUnitReportReporter -->
<testsuite hostname="DESKTOP-FUGQNF4" failures="0" tests="2" name="TestCases.CareersFirmCollaborationsTC" time="21.933" errors="0" timestamp="2024-07-17T13:56:09 IST" skipped="0">
  <testcase classname="TestCases.CareersFirmCollaborationsTC" name="testCareersCollaborationsFormSubmission" time="16.248"/>
  <system-out/>
  <testcase classname="TestCases.CareersFirmCollaborationsTC" name="testEmptyCareersCollaborationsFormSubmission" time="5.685"/>
  <system-out/>
</testsuite> <!-- TestCases.CareersFirmCollaborationsTC -->
