<?xml version="1.0" encoding="UTF-8"?>
<!-- Generated by org.testng.reporters.JUnitReportReporter -->
<testsuite hostname="DESKTOP-FUGQNF4" failures="0" tests="2" name="TestCases.CareersTC" time="17.909" errors="0" timestamp="2024-07-10T16:39:18 IST" skipped="0">
  <testcase classname="TestCases.CareersTC" name="testCareersProfessionalsFormSubmission" time="12.102"/>
  <system-out/>
  <testcase classname="TestCases.CareersTC" name="testEmptyCareersProfessionalsFormSubmission" time="5.807"/>
  <system-out/>
</testsuite> <!-- TestCases.CareersTC -->
